<?xml version="1.0" encoding="UTF-8"?>
<!-- Generated by org.testng.reporters.JUnitXMLReporter -->
<testsuite hostname="sathvik" ignored="0" name="Test6" tests="3" failures="1" timestamp="25 Sep 2018 11:34:01 GMT" time="0.044" errors="0">
  <testcase name="launch" time="0.0" classname="Way2SMSModule.LoginPageTesting">
    <failure type="org.testng.TestNGException" message="
Parameter &amp;apos;browser&amp;apos; is required by @Test on method launch but has not been marked @Optional or defined
in C:\Users\Naidu\TestingWorkSpace\TestNGProject\src\LoginPage.xml">
      <![CDATA[org.testng.TestNGException: 
Parameter 'browser' is required by @Test on method launch but has not been marked @Optional or defined
in C:\Users\Naidu\TestingWorkSpace\TestNGProject\src\LoginPage.xml
... Removed 24 stack frames]]>
    </failure>
  </testcase> <!-- launch -->
  <testcase name="login" time="0.009" classname="Way2SMSModule.LoginPageTesting">
    <skipped/>
  </testcase> <!-- login -->
  <testcase name="sendMessage" time="0.0" classname="Way2SMSModule.SendSMSTest">
    <skipped/>
  </testcase> <!-- sendMessage -->
</testsuite> <!-- Test6 -->
