<?xml version="1.0" encoding="UTF-8"?>
<!-- Generated by org.testng.reporters.JUnitXMLReporter -->
<testsuite hostname="sathvik" ignored="0" name="ChromeTest" tests="1" failures="1" timestamp="22 Sep 2018 11:33:36 GMT" time="0.136" errors="0">
  <testcase name="@BeforeMethod launch" time="0.0" classname="ModuleDataDriven.DataDrivenTestUsingXML">
    <failure type="org.testng.TestNGException" message="
Parameter &amp;apos;browser&amp;apos; is required by BeforeMethod on method launch but has not been marked @Optional or defined
in C:\Users\Naidu\TestingWorkSpace\TestNGProject\src\DataDrivenTestUsingXML.xml">
      <![CDATA[org.testng.TestNGException: 
Parameter 'browser' is required by BeforeMethod on method launch but has not been marked @Optional or defined
in C:\Users\Naidu\TestingWorkSpace\TestNGProject\src\DataDrivenTestUsingXML.xml
at java.util.concurrent.FutureTask.run(Unknown Source)
at java.util.concurrent.ThreadPoolExecutor.runWorker(Unknown Source)
at java.util.concurrent.ThreadPoolExecutor$Worker.run(Unknown Source)
at java.lang.Thread.run(Unknown Source)
... Removed 16 stack frames]]>
    </failure>
  </testcase> <!-- @BeforeMethod launch -->
  <testcase name="@AfterMethod close" time="0.0" classname="ModuleDataDriven.DataDrivenTestUsingXML">
    <skipped/>
  </testcase> <!-- @AfterMethod close -->
  <testcase name="search" time="0.0" classname="ModuleDataDriven.DataDrivenTestUsingXML">
    <failure type="org.testng.TestNGException" message="
Parameter &amp;apos;searchword&amp;apos; is required by @Test on method search but has not been marked @Optional or defined
in C:\Users\Naidu\TestingWorkSpace\TestNGProject\src\DataDrivenTestUsingXML.xml">
      <![CDATA[org.testng.TestNGException: 
Parameter 'searchword' is required by @Test on method search but has not been marked @Optional or defined
in C:\Users\Naidu\TestingWorkSpace\TestNGProject\src\DataDrivenTestUsingXML.xml
at java.util.concurrent.FutureTask.run(Unknown Source)
at java.util.concurrent.ThreadPoolExecutor.runWorker(Unknown Source)
at java.util.concurrent.ThreadPoolExecutor$Worker.run(Unknown Source)
at java.lang.Thread.run(Unknown Source)
... Removed 15 stack frames]]>
    </failure>
  </testcase> <!-- search -->
</testsuite> <!-- ChromeTest -->
